# JRE version: Java(TM) SE Runtime Environment (8.0_66-b18) (build 1.8.0_66-b18)
# Java VM: Java HotSpot(TM) 64-Bit Server VM (25.66-b18 mixed mode windows-amd64 compressed oops)
Heap:
 PSYoungGen      total 137216K, used 51304K [0x00000000eab00000, 0x00000000f4d80000, 0x0000000100000000)
  eden space 127488K, 32% used [0x00000000eab00000,0x00000000ed40cdf0,0x00000000f2780000)
  from space 9728K, 95% used [0x00000000f4400000,0x00000000f4d0d548,0x00000000f4d80000)
  to   space 17408K, 0% used [0x00000000f2b80000,0x00000000f2b80000,0x00000000f3c80000)
 ParOldGen       total 146432K, used 22506K [0x00000000c0000000, 0x00000000c8f00000, 0x00000000eab00000)
  object space 146432K, 15% used [0x00000000c0000000,0x00000000c15fa938,0x00000000c8f00000)
 Metaspace       used 38950K, capacity 39850K, committed 40064K, reserved 1083392K
  class space    used 5433K, capacity 5653K, committed 5760K, reserved 1048576K
GC Heap History (10 events):
Event: 3.594 GC heap before
{Heap before GC invocations=6 (full 1):
 PSYoungGen      total 74240K, used 74016K [0x00000000eab00000, 0x00000000f1880000, 0x0000000100000000)
  eden space 68608K, 100% used [0x00000000eab00000,0x00000000eee00000,0x00000000eee00000)
  from space 5632K, 96% used [0x00000000f1300000,0x00000000f18483a0,0x00000000f1880000)
  to   space 8192K, 0% used [0x00000000f0880000,0x00000000f0880000,0x00000000f1080000)
 ParOldGen       total 91648K, used 9601K [0x00000000c0000000, 0x00000000c5980000, 0x00000000eab00000)
  object space 91648K, 10% used [0x00000000c0000000,0x00000000c09606b8,0x00000000c5980000)
 Metaspace       used 28067K, capacity 28502K, committed 28800K, reserved 1075200K
  class space    used 3781K, capacity 3908K, committed 3968K, reserved 1048576K
Event: 3.599 GC heap after
Heap after GC invocations=6 (full 1):
 PSYoungGen      total 100864K, used 6090K [0x00000000eab00000, 0x00000000f1d80000, 0x0000000100000000)
  eden space 92672K, 0% used [0x00000000eab00000,0x00000000eab00000,0x00000000f0580000)
  from space 8192K, 74% used [0x00000000f0880000,0x00000000f0e72968,0x00000000f1080000)
  to   space 12288K, 0% used [0x00000000f1180000,0x00000000f1180000,0x00000000f1d80000)
 ParOldGen       total 91648K, used 9673K [0x00000000c0000000, 0x00000000c5980000, 0x00000000eab00000)
  object space 91648K, 10% used [0x00000000c0000000,0x00000000c09726c8,0x00000000c5980000)
 Metaspace       used 28067K, capacity 28502K, committed 28800K, reserved 1075200K
  class space    used 3781K, capacity 3908K, committed 3968K, reserved 1048576K
}
Event: 4.709 GC heap before
{Heap before GC invocations=7 (full 1):
 PSYoungGen      total 100864K, used 98762K [0x00000000eab00000, 0x00000000f1d80000, 0x0000000100000000)
  eden space 92672K, 100% used [0x00000000eab00000,0x00000000f0580000,0x00000000f0580000)
  from space 8192K, 74% used [0x00000000f0880000,0x00000000f0e72968,0x00000000f1080000)
  to   space 12288K, 0% used [0x00000000f1180000,0x00000000f1180000,0x00000000f1d80000)
 ParOldGen       total 91648K, used 9673K [0x00000000c0000000, 0x00000000c5980000, 0x00000000eab00000)
  object space 91648K, 10% used [0x00000000c0000000,0x00000000c09726c8,0x00000000c5980000)
 Metaspace       used 34153K, capacity 34844K, committed 35072K, reserved 1079296K
  class space    used 4662K, capacity 4818K, committed 4864K, reserved 1048576K
Event: 4.722 GC heap after
Heap after GC invocations=7 (full 1):
 PSYoungGen      total 100864K, used 12275K [0x00000000eab00000, 0x00000000f4600000, 0x0000000100000000)
  eden space 88576K, 0% used [0x00000000eab00000,0x00000000eab00000,0x00000000f0180000)
  from space 12288K, 99% used [0x00000000f1180000,0x00000000f1d7ceb8,0x00000000f1d80000)
  to   space 16384K, 0% used [0x00000000f0180000,0x00000000f0180000,0x00000000f1180000)
 ParOldGen       total 91648K, used 13589K [0x00000000c0000000, 0x00000000c5980000, 0x00000000eab00000)
  object space 91648K, 14% used [0x00000000c0000000,0x00000000c0d456b8,0x00000000c5980000)
 Metaspace       used 34153K, capacity 34844K, committed 35072K, reserved 1079296K
  class space    used 4662K, capacity 4818K, committed 4864K, reserved 1048576K
}
Event: 4.879 GC heap before
{Heap before GC invocations=8 (full 1):
 PSYoungGen      total 100864K, used 32179K [0x00000000eab00000, 0x00000000f4600000, 0x0000000100000000)
  eden space 88576K, 22% used [0x00000000eab00000,0x00000000ebe6fd98,0x00000000f0180000)
  from space 12288K, 99% used [0x00000000f1180000,0x00000000f1d7ceb8,0x00000000f1d80000)
  to   space 16384K, 0% used [0x00000000f0180000,0x00000000f0180000,0x00000000f1180000)
 ParOldGen       total 91648K, used 13589K [0x00000000c0000000, 0x00000000c5980000, 0x00000000eab00000)
  object space 91648K, 14% used [0x00000000c0000000,0x00000000c0d456b8,0x00000000c5980000)
 Metaspace       used 34700K, capacity 35384K, committed 35456K, reserved 1079296K
  class space    used 4762K, capacity 4932K, committed 4992K, reserved 1048576K
Event: 4.891 GC heap after
Heap after GC invocations=8 (full 1):
 PSYoungGen      total 104960K, used 14878K [0x00000000eab00000, 0x00000000f5600000, 0x0000000100000000)
  eden space 88576K, 0% used [0x00000000eab00000,0x00000000eab00000,0x00000000f0180000)
  from space 16384K, 90% used [0x00000000f0180000,0x00000000f1007998,0x00000000f1180000)
  to   space 18432K, 0% used [0x00000000f4400000,0x00000000f4400000,0x00000000f5600000)
 ParOldGen       total 91648K, used 13597K [0x00000000c0000000, 0x00000000c5980000, 0x00000000eab00000)
  object space 91648K, 14% used [0x00000000c0000000,0x00000000c0d476b8,0x00000000c5980000)
 Metaspace       used 34700K, capacity 35384K, committed 35456K, reserved 1079296K
  class space    used 4762K, capacity 4932K, committed 4992K, reserved 1048576K
}
Event: 4.891 GC heap before
{Heap before GC invocations=9 (full 2):
 PSYoungGen      total 104960K, used 14878K [0x00000000eab00000, 0x00000000f5600000, 0x0000000100000000)
  eden space 88576K, 0% used [0x00000000eab00000,0x00000000eab00000,0x00000000f0180000)
  from space 16384K, 90% used [0x00000000f0180000,0x00000000f1007998,0x00000000f1180000)
  to   space 18432K, 0% used [0x00000000f4400000,0x00000000f4400000,0x00000000f5600000)
 ParOldGen       total 91648K, used 13597K [0x00000000c0000000, 0x00000000c5980000, 0x00000000eab00000)
  object space 91648K, 14% used [0x00000000c0000000,0x00000000c0d476b8,0x00000000c5980000)
 Metaspace       used 34700K, capacity 35384K, committed 35456K, reserved 1079296K
  class space    used 4762K, capacity 4932K, committed 4992K, reserved 1048576K
Event: 4.984 GC heap after
Heap after GC invocations=9 (full 2):
 PSYoungGen      total 104960K, used 0K [0x00000000eab00000, 0x00000000f5600000, 0x0000000100000000)
  eden space 88576K, 0% used [0x00000000eab00000,0x00000000eab00000,0x00000000f0180000)
  from space 16384K, 0% used [0x00000000f0180000,0x00000000f0180000,0x00000000f1180000)
  to   space 18432K, 0% used [0x00000000f4400000,0x00000000f4400000,0x00000000f5600000)
 ParOldGen       total 146432K, used 22498K [0x00000000c0000000, 0x00000000c8f00000, 0x00000000eab00000)
  object space 146432K, 15% used [0x00000000c0000000,0x00000000c15f8938,0x00000000c8f00000)
 Metaspace       used 34700K, capacity 35384K, committed 35456K, reserved 1079296K
  class space    used 4762K, capacity 4932K, committed 4992K, reserved 1048576K
}
Event: 6.096 GC heap before
{Heap before GC invocations=10 (full 2):
 PSYoungGen      total 104960K, used 88576K [0x00000000eab00000, 0x00000000f5600000, 0x0000000100000000)
  eden space 88576K, 100% used [0x00000000eab00000,0x00000000f0180000,0x00000000f0180000)
  from space 16384K, 0% used [0x00000000f0180000,0x00000000f0180000,0x00000000f1180000)
  to   space 18432K, 0% used [0x00000000f4400000,0x00000000f4400000,0x00000000f5600000)
 ParOldGen       total 146432K, used 22498K [0x00000000c0000000, 0x00000000c8f00000, 0x00000000eab00000)
  object space 146432K, 15% used [0x00000000c0000000,0x00000000c15f8938,0x00000000c8f00000)
 Metaspace       used 38549K, capacity 39480K, committed 39680K, reserved 1083392K
  class space    used 5366K, capacity 5618K, committed 5632K, reserved 1048576K
Event: 6.103 GC heap after
Heap after GC invocations=10 (full 2):
 PSYoungGen      total 137216K, used 9269K [0x00000000eab00000, 0x00000000f4d80000, 0x0000000100000000)
  eden space 127488K, 0% used [0x00000000eab00000,0x00000000eab00000,0x00000000f2780000)
  from space 9728K, 95% used [0x00000000f4400000,0x00000000f4d0d548,0x00000000f4d80000)
  to   space 17408K, 0% used [0x00000000f2b80000,0x00000000f2b80000,0x00000000f3c80000)
 ParOldGen       total 146432K, used 22506K [0x00000000c0000000, 0x00000000c8f00000, 0x00000000eab00000)
  object space 146432K, 15% used [0x00000000c0000000,0x00000000c15fa938,0x00000000c8f00000)
 Metaspace       used 38549K, capacity 39480K, committed 39680K, reserved 1083392K
  class space    used 5366K, capacity 5618K, committed 5632K, reserved 1048576K
}

