# JRE version: Java(TM) SE Runtime Environment (8.0_66-b18) (build 1.8.0_66-b18)
# Java VM: Java HotSpot(TM) 64-Bit Server VM (25.66-b18 mixed mode windows-amd64 compressed oops)
Heap:
 PSYoungGen      total 141824K, used 47751K [0x00000000eab00000, 0x00000000f5280000, 0x0000000100000000)
  eden space 132096K, 29% used [0x00000000eab00000,0x00000000ed08fad0,0x00000000f2c00000)
  from space 9728K, 95% used [0x00000000f4900000,0x00000000f5212168,0x00000000f5280000)
  to   space 17920K, 0% used [0x00000000f2f80000,0x00000000f2f80000,0x00000000f4100000)
 ParOldGen       total 142848K, used 22887K [0x00000000c0000000, 0x00000000c8b80000, 0x00000000eab00000)
  object space 142848K, 16% used [0x00000000c0000000,0x00000000c1659d68,0x00000000c8b80000)
 Metaspace       used 38944K, capacity 39844K, committed 40064K, reserved 1083392K
  class space    used 5433K, capacity 5652K, committed 5760K, reserved 1048576K
GC Heap History (10 events):
Event: 3.602 GC heap before
{Heap before GC invocations=6 (full 1):
 PSYoungGen      total 75264K, used 75072K [0x00000000eab00000, 0x00000000f1880000, 0x0000000100000000)
  eden space 69632K, 100% used [0x00000000eab00000,0x00000000eef00000,0x00000000eef00000)
  from space 5632K, 96% used [0x00000000f1300000,0x00000000f18503a0,0x00000000f1880000)
  to   space 8192K, 0% used [0x00000000f0880000,0x00000000f0880000,0x00000000f1080000)
 ParOldGen       total 89600K, used 9623K [0x00000000c0000000, 0x00000000c5780000, 0x00000000eab00000)
  object space 89600K, 10% used [0x00000000c0000000,0x00000000c0965c20,0x00000000c5780000)
 Metaspace       used 28054K, capacity 28438K, committed 28544K, reserved 1073152K
  class space    used 3780K, capacity 3908K, committed 3968K, reserved 1048576K
Event: 3.607 GC heap after
Heap after GC invocations=6 (full 1):
 PSYoungGen      total 103936K, used 6057K [0x00000000eab00000, 0x00000000f2080000, 0x0000000100000000)
  eden space 95744K, 0% used [0x00000000eab00000,0x00000000eab00000,0x00000000f0880000)
  from space 8192K, 73% used [0x00000000f0880000,0x00000000f0e6a578,0x00000000f1080000)
  to   space 12288K, 0% used [0x00000000f1480000,0x00000000f1480000,0x00000000f2080000)
 ParOldGen       total 89600K, used 9695K [0x00000000c0000000, 0x00000000c5780000, 0x00000000eab00000)
  object space 89600K, 10% used [0x00000000c0000000,0x00000000c0977c30,0x00000000c5780000)
 Metaspace       used 28054K, capacity 28438K, committed 28544K, reserved 1073152K
  class space    used 3780K, capacity 3908K, committed 3968K, reserved 1048576K
}
Event: 4.672 GC heap before
{Heap before GC invocations=7 (full 1):
 PSYoungGen      total 103936K, used 101801K [0x00000000eab00000, 0x00000000f2080000, 0x0000000100000000)
  eden space 95744K, 100% used [0x00000000eab00000,0x00000000f0880000,0x00000000f0880000)
  from space 8192K, 73% used [0x00000000f0880000,0x00000000f0e6a578,0x00000000f1080000)
  to   space 12288K, 0% used [0x00000000f1480000,0x00000000f1480000,0x00000000f2080000)
 ParOldGen       total 89600K, used 9695K [0x00000000c0000000, 0x00000000c5780000, 0x00000000eab00000)
  object space 89600K, 10% used [0x00000000c0000000,0x00000000c0977c30,0x00000000c5780000)
 Metaspace       used 34252K, capacity 34940K, committed 35072K, reserved 1079296K
  class space    used 4681K, capacity 4850K, committed 4864K, reserved 1048576K
Event: 4.687 GC heap after
Heap after GC invocations=7 (full 1):
 PSYoungGen      total 103936K, used 12272K [0x00000000eab00000, 0x00000000f4c80000, 0x0000000100000000)
  eden space 91648K, 0% used [0x00000000eab00000,0x00000000eab00000,0x00000000f0480000)
  from space 12288K, 99% used [0x00000000f1480000,0x00000000f207c150,0x00000000f2080000)
  to   space 16384K, 0% used [0x00000000f0480000,0x00000000f0480000,0x00000000f1480000)
 ParOldGen       total 89600K, used 13928K [0x00000000c0000000, 0x00000000c5780000, 0x00000000eab00000)
  object space 89600K, 15% used [0x00000000c0000000,0x00000000c0d9a398,0x00000000c5780000)
 Metaspace       used 34252K, capacity 34940K, committed 35072K, reserved 1079296K
  class space    used 4681K, capacity 4850K, committed 4864K, reserved 1048576K
}
Event: 4.851 GC heap before
{Heap before GC invocations=8 (full 1):
 PSYoungGen      total 103936K, used 34566K [0x00000000eab00000, 0x00000000f4c80000, 0x0000000100000000)
  eden space 91648K, 24% used [0x00000000eab00000,0x00000000ec0c5710,0x00000000f0480000)
  from space 12288K, 99% used [0x00000000f1480000,0x00000000f207c150,0x00000000f2080000)
  to   space 16384K, 0% used [0x00000000f0480000,0x00000000f0480000,0x00000000f1480000)
 ParOldGen       total 89600K, used 13928K [0x00000000c0000000, 0x00000000c5780000, 0x00000000eab00000)
  object space 89600K, 15% used [0x00000000c0000000,0x00000000c0d9a398,0x00000000c5780000)
 Metaspace       used 34767K, capacity 35430K, committed 35456K, reserved 1079296K
  class space    used 4776K, capacity 4969K, committed 4992K, reserved 1048576K
Event: 4.862 GC heap after
Heap after GC invocations=8 (full 1):
 PSYoungGen      total 108032K, used 15230K [0x00000000eab00000, 0x00000000f5b00000, 0x0000000100000000)
  eden space 91648K, 0% used [0x00000000eab00000,0x00000000eab00000,0x00000000f0480000)
  from space 16384K, 92% used [0x00000000f0480000,0x00000000f135f998,0x00000000f1480000)
  to   space 18432K, 0% used [0x00000000f4900000,0x00000000f4900000,0x00000000f5b00000)
 ParOldGen       total 89600K, used 13936K [0x00000000c0000000, 0x00000000c5780000, 0x00000000eab00000)
  object space 89600K, 15% used [0x00000000c0000000,0x00000000c0d9c398,0x00000000c5780000)
 Metaspace       used 34767K, capacity 35430K, committed 35456K, reserved 1079296K
  class space    used 4776K, capacity 4969K, committed 4992K, reserved 1048576K
}
Event: 4.862 GC heap before
{Heap before GC invocations=9 (full 2):
 PSYoungGen      total 108032K, used 15230K [0x00000000eab00000, 0x00000000f5b00000, 0x0000000100000000)
  eden space 91648K, 0% used [0x00000000eab00000,0x00000000eab00000,0x00000000f0480000)
  from space 16384K, 92% used [0x00000000f0480000,0x00000000f135f998,0x00000000f1480000)
  to   space 18432K, 0% used [0x00000000f4900000,0x00000000f4900000,0x00000000f5b00000)
 ParOldGen       total 89600K, used 13936K [0x00000000c0000000, 0x00000000c5780000, 0x00000000eab00000)
  object space 89600K, 15% used [0x00000000c0000000,0x00000000c0d9c398,0x00000000c5780000)
 Metaspace       used 34767K, capacity 35430K, committed 35456K, reserved 1079296K
  class space    used 4776K, capacity 4969K, committed 4992K, reserved 1048576K
Event: 4.951 GC heap after
Heap after GC invocations=9 (full 2):
 PSYoungGen      total 108032K, used 0K [0x00000000eab00000, 0x00000000f5b00000, 0x0000000100000000)
  eden space 91648K, 0% used [0x00000000eab00000,0x00000000eab00000,0x00000000f0480000)
  from space 16384K, 0% used [0x00000000f0480000,0x00000000f0480000,0x00000000f1480000)
  to   space 18432K, 0% used [0x00000000f4900000,0x00000000f4900000,0x00000000f5b00000)
 ParOldGen       total 142848K, used 22879K [0x00000000c0000000, 0x00000000c8b80000, 0x00000000eab00000)
  object space 142848K, 16% used [0x00000000c0000000,0x00000000c1657d68,0x00000000c8b80000)
 Metaspace       used 34767K, capacity 35430K, committed 35456K, reserved 1079296K
  class space    used 4776K, capacity 4969K, committed 4992K, reserved 1048576K
}
Event: 6.063 GC heap before
{Heap before GC invocations=10 (full 2):
 PSYoungGen      total 108032K, used 91648K [0x00000000eab00000, 0x00000000f5b00000, 0x0000000100000000)
  eden space 91648K, 100% used [0x00000000eab00000,0x00000000f0480000,0x00000000f0480000)
  from space 16384K, 0% used [0x00000000f0480000,0x00000000f0480000,0x00000000f1480000)
  to   space 18432K, 0% used [0x00000000f4900000,0x00000000f4900000,0x00000000f5b00000)
 ParOldGen       total 142848K, used 22879K [0x00000000c0000000, 0x00000000c8b80000, 0x00000000eab00000)
  object space 142848K, 16% used [0x00000000c0000000,0x00000000c1657d68,0x00000000c8b80000)
 Metaspace       used 38550K, capacity 39486K, committed 39680K, reserved 1083392K
  class space    used 5370K, capacity 5619K, committed 5632K, reserved 1048576K
Event: 6.070 GC heap after
Heap after GC invocations=10 (full 2):
 PSYoungGen      total 141824K, used 9288K [0x00000000eab00000, 0x00000000f5280000, 0x0000000100000000)
  eden space 132096K, 0% used [0x00000000eab00000,0x00000000eab00000,0x00000000f2c00000)
  from space 9728K, 95% used [0x00000000f4900000,0x00000000f5212168,0x00000000f5280000)
  to   space 17920K, 0% used [0x00000000f2f80000,0x00000000f2f80000,0x00000000f4100000)
 ParOldGen       total 142848K, used 22887K [0x00000000c0000000, 0x00000000c8b80000, 0x00000000eab00000)
  object space 142848K, 16% used [0x00000000c0000000,0x00000000c1659d68,0x00000000c8b80000)
 Metaspace       used 38550K, capacity 39486K, committed 39680K, reserved 1083392K
  class space    used 5370K, capacity 5619K, committed 5632K, reserved 1048576K
}

